{
  "stats": {
    "suites": 1,
    "tests": 2,
    "passes": 2,
    "pending": 0,
    "failures": 0,
    "start": "2026-01-03T08:26:04.755Z",
    "end": "2026-01-03T08:26:08.409Z",
    "duration": 3654,
    "testsRegistered": 2,
    "passPercent": 100,
    "pendingPercent": 0,
    "other": 0,
    "hasOther": false,
    "skipped": 0,
    "hasSkipped": false
  },
  "results": [
    {
      "uuid": "54a3b37e-0ed9-40be-921f-8406fc6aad25",
      "title": "",
      "fullFile": "cypress/e2e/login.cy.js",
      "file": "cypress/e2e/login.cy.js",
      "beforeHooks": [],
      "afterHooks": [],
      "tests": [],
      "suites": [
        {
          "uuid": "2153419f-f767-4ad9-9c39-873261d8a4c7",
          "title": "Sauce Demo Login",
          "fullFile": "",
          "file": "",
          "beforeHooks": [],
          "afterHooks": [],
          "tests": [
            {
              "title": "logs in with valid credentials",
              "fullTitle": "Sauce Demo Login logs in with valid credentials",
              "timedOut": null,
              "duration": 2835,
              "state": "passed",
              "speed": "fast",
              "pass": true,
              "fail": false,
              "pending": false,
              "context": null,
              "code": "cy.fixture(\"users\").then(users => {\n  cy.login(users.standard_user.username, users.standard_user.password);\n  cy.url().should(\"include\", \"/inventory.html\");\n});",
              "err": {},
              "uuid": "a1b91f2c-c96c-49fc-aad5-8e65531c900b",
              "parentUUID": "2153419f-f767-4ad9-9c39-873261d8a4c7",
              "isHook": false,
              "skipped": false
            },
            {
              "title": "shows error for locked user",
              "fullTitle": "Sauce Demo Login shows error for locked user",
              "timedOut": null,
              "duration": 762,
              "state": "passed",
              "speed": "fast",
              "pass": true,
              "fail": false,
              "pending": false,
              "context": null,
              "code": "cy.fixture(\"users\").then(users => {\n  cy.login(users.locked_user.username, users.locked_user.password);\n  cy.get('[data-test=\"error\"]').should(\"be.visible\");\n});",
              "err": {},
              "uuid": "d5018904-ab36-42fa-b021-1de82a4e9282",
              "parentUUID": "2153419f-f767-4ad9-9c39-873261d8a4c7",
              "isHook": false,
              "skipped": false
            }
          ],
          "suites": [],
          "passes": [
            "a1b91f2c-c96c-49fc-aad5-8e65531c900b",
            "d5018904-ab36-42fa-b021-1de82a4e9282"
          ],
          "failures": [],
          "pending": [],
          "skipped": [],
          "duration": 3597,
          "root": false,
          "rootEmpty": false,
          "_timeout": 2000
        }
      ],
      "passes": [],
      "failures": [],
      "pending": [],
      "skipped": [],
      "duration": 0,
      "root": true,
      "rootEmpty": true,
      "_timeout": 2000
    }
  ],
  "meta": {
    "mocha": {
      "version": "7.2.0"
    },
    "mochawesome": {
      "options": {
        "quiet": false,
        "reportFilename": "mochawesome",
        "saveHtml": false,
        "saveJson": true,
        "consoleReporter": "spec",
        "useInlineDiffs": false,
        "code": true
      },
      "version": "7.1.4"
    },
    "marge": {
      "options": {
        "reportDir": "cypress/reports",
        "overwrite": false,
        "html": false,
        "json": true
      },
      "version": "6.3.2"
    }
  }
}